SF:lib/flutter_network.dart
DA:10,4
DA:11,1
DA:14,8
DA:15,6
LF:4
LH:4
end_of_record
SF:lib/src/api_rest_client_impl.dart
DA:8,2
DA:13,1
DA:19,2
DA:23,1
DA:24,1
DA:25,2
DA:31,1
DA:38,2
DA:43,1
DA:44,1
DA:45,2
DA:51,1
DA:58,2
DA:63,1
DA:64,1
DA:65,2
DA:71,1
DA:78,2
DA:83,1
DA:84,1
DA:85,2
DA:90,1
DA:96,2
DA:100,1
DA:101,1
DA:102,2
DA:108,1
DA:109,3
DA:111,4
DA:112,2
DA:114,2
DA:120,1
DA:121,2
DA:122,2
DA:123,1
LF:35
LH:35
end_of_record
SF:lib/src/internal_providers.dart
DA:5,7
DA:6,2
DA:7,1
DA:8,1
LF:4
LH:4
end_of_record
SF:lib/src/api_rest_error.dart
DA:7,3
DA:12,1
DA:13,1
DA:14,1
DA:15,1
LF:5
LH:5
end_of_record
